<?xml version="1.0" encoding="UTF-8"?>
<!-- Generated by org.testng.reporters.JUnitXMLReporter -->
<testsuite ignored="1" hostname="MBP-FVFFF1Q7Q05N" failures="1" tests="4" name="Regression" time="77.16" errors="0" timestamp="2025-03-06T18:48:43 EET">
  <testcase classname="tests.LoginTest" name="verifyErrorMessageIsShownIfUserSetWrongUserData" time="8.818"/>
  <testcase classname="tests.LoginTest" name="verifyUserCanLoginWithValidData" time="3.486"/>
  <testcase classname="tests.LoginTest" name="verifyUserCanLoginWithValidData" time="13.291">
    <failure type="java.lang.AssertionError" message="Customer page should be opened. expected [true] but found [false]">
      <![CDATA[java.lang.AssertionError: Customer page should be opened. expected [true] but found [false]
at tests.LoginTest.verifyUserCanLoginWithValidData(LoginTest.java:31)
at java.base/java.util.ArrayList.forEach(ArrayList.java:1541)
... Removed 34 stack frames]]>
    </failure>
  </testcase> <!-- verifyUserCanLoginWithValidData -->
  <testcase classname="tests.CheckoutTest" name="verifyUserCanLoginWithValidData" time="28.622"/>
  <testcase classname="tests.AbstractTest" name="@AfterSuite afterClass" time="0.0">
    <ignored/>
  </testcase> <!-- @AfterSuite afterClass -->
</testsuite> <!-- Regression -->
