<?xml version="1.0" encoding="UTF-8"?>
<!-- Generated by org.testng.reporters.JUnitXMLReporter -->
<testsuite ignored="1" hostname="MBP-FVFFF1Q7Q05N" failures="0" tests="3" name="Regression" time="53.843" errors="0" timestamp="2025-03-03T14:12:29 EET">
  <testcase classname="tests.LoginTest" name="verifyErrorMessageIsShownIfUserSetWrongUserData" time="8.098"/>
  <testcase classname="tests.LoginTest" name="verifyUserCanLoginWithValidData" time="3.443"/>
  <testcase classname="tests.CheckoutTest" name="verifyUserCanLoginWithValidData" time="27.825"/>
  <testcase classname="tests.AbstractTest" name="@AfterSuite afterClass" time="0.0">
    <ignored/>
  </testcase> <!-- @AfterSuite afterClass -->
</testsuite> <!-- Regression -->
