<?xml version="1.0" encoding="UTF-8"?>
<testsuite xmlns:xsi="http://www.w3.org/2001/XMLSchema-instance" xsi:noNamespaceSchemaLocation="https://maven.apache.org/surefire/maven-surefire-plugin/xsd/surefire-test-report-3.0.xsd" version="3.0" name="TestSuite" time="78.086" tests="4" errors="0" skipped="0" failures="1">
  <properties>
[...]
</properties>
  <testcase name="verifyErrorMessageIsShownIfUserSetWrongUserData" classname="tests.LoginTest" time="8.858">
    <system-err><![CDATA[SLF4J(W): No SLF4J providers were found.
SLF4J(W): Defaulting to no-operation (NOP) logger implementation
SLF4J(W): See https://www.slf4j.org/codes.html#noProviders for further details.
Mar 06, 2025 6:47:28 PM org.openqa.selenium.devtools.CdpVersionFinder findNearestMatch
WARNING: Unable to find an exact match for CDP version 133, returning the closest version; found: 131; Please update to a Selenium version that supports CDP version 133
]]></system-err>
  </testcase>
  <testcase name="verifyUserCanLoginWithValidData[anton.mikolaenko@gmail.com, TesteR_2025](1)" classname="tests.LoginTest" time="3.488"/>
  <testcase name="verifyUserCanLoginWithValidData[anton.mikolaenko@gmail.com, wrongPass](2)" classname="tests.LoginTest" time="13.463">
    <failure message="Customer page should be opened. expected [true] but found [false]" type="java.lang.AssertionError"><![CDATA[java.lang.AssertionError: Customer page should be opened. expected [true] but found [false]
	at tests.LoginTest.verifyUserCanLoginWithValidData(LoginTest.java:31)
]]></failure>
  </testcase>
  <testcase name="verifyUserCanLoginWithValidData" classname="tests.CheckoutTest" time="28.623"/>
</testsuite>