-------------------------------------------------------------------------------
Test set: TestSuite
-------------------------------------------------------------------------------
Tests run: 4, Failures: 1, Errors: 0, Skipped: 0, Time elapsed: 78.086 s <<< FAILURE! - in TestSuite
tests.LoginTest.verifyUserCanLoginWithValidData[anton.mikolaenko@gmail.com, wrongPass](2)  Time elapsed: 13.463 s  <<< FAILURE!
java.lang.AssertionError: Customer page should be opened. expected [true] but found [false]
	at tests.LoginTest.verifyUserCanLoginWithValidData(LoginTest.java:31)

